Info: Starting: Create block symbol file (.bsf)
Info: qsys-generate C:\Users\vacla\Projects\Vision\DE10_CAM\Qsys.qsys --block-symbol-file --output-directory=C:\Users\vacla\Projects\Vision\DE10_CAM\Qsys --family="MAX 10" --part=10M50DAF484C7G
Progress: Loading DE10_CAM/Qsys.qsys
Progress: Reading input file
Progress: Adding EEE_IMGPROC_0 [EEE_IMGPROC 1.0]
Progress: Parameterizing module EEE_IMGPROC_0
Progress: Adding TERASIC_AUTO_FOCUS_0 [TERASIC_AUTO_FOCUS 1.0]
Progress: Parameterizing module TERASIC_AUTO_FOCUS_0
Progress: Adding TERASIC_CAMERA_0 [TERASIC_CAMERA 1.0]
Progress: Parameterizing module TERASIC_CAMERA_0
Progress: Adding alt_vip_itc_0 [alt_vip_itc 14.0]
Progress: Parameterizing module alt_vip_itc_0
Progress: Adding alt_vip_vfb_0 [alt_vip_vfb 13.1]
Progress: Parameterizing module alt_vip_vfb_0
Progress: Adding altpll_0 [altpll 18.1]
Progress: Parameterizing module altpll_0
Progress: Adding clk_50 [clock_source 18.1]
Progress: Parameterizing module clk_50
Progress: Adding i2c_0 [altera_avalon_i2c 18.1]
Progress: Parameterizing module i2c_0
Progress: Adding i2c_opencores_camera [i2c_opencores 12.0]
Progress: Parameterizing module i2c_opencores_camera
Progress: Adding i2c_opencores_mipi [i2c_opencores 12.0]
Progress: Parameterizing module i2c_opencores_mipi
Progress: Adding jtag_uart [altera_avalon_jtag_uart 18.1]
Progress: Parameterizing module jtag_uart
Progress: Adding key [altera_avalon_pio 18.1]
Progress: Parameterizing module key
Progress: Adding led [altera_avalon_pio 18.1]
Progress: Parameterizing module led
Progress: Adding mipi_pwdn_n [altera_avalon_pio 18.1]
Progress: Parameterizing module mipi_pwdn_n
Progress: Adding mipi_reset_n [altera_avalon_pio 18.1]
Progress: Parameterizing module mipi_reset_n
Progress: Adding nios2_gen2 [altera_nios2_gen2 18.1]
Progress: Parameterizing module nios2_gen2
Progress: Adding onchip_memory2_0 [altera_avalon_onchip_memory2 18.1]
Progress: Parameterizing module onchip_memory2_0
Progress: Adding sdram [altera_avalon_new_sdram_controller 18.1]
Progress: Parameterizing module sdram
Progress: Adding sw [altera_avalon_pio 18.1]
Progress: Parameterizing module sw
Progress: Adding sysid_qsys [altera_avalon_sysid_qsys 18.1]
Progress: Parameterizing module sysid_qsys
Progress: Adding timer [altera_avalon_timer 18.1]
Progress: Parameterizing module timer
Progress: Adding uart_0 [altera_avalon_uart 18.1]
Progress: Parameterizing module uart_0
Progress: Building connections
Progress: Parameterizing connections
Progress: Validating
Progress: Done reading input file
Info: Qsys.jtag_uart: JTAG UART IP input clock need to be at least double (2x) the operating frequency of JTAG TCK on board
Info: Qsys.key: PIO inputs are not hardwired in test bench. Undefined values will be read from PIO inputs during simulation.
Info: Qsys.sdram: SDRAM Controller will only be supported in Quartus Prime Standard Edition in the future release.
Info: Qsys.sw: PIO inputs are not hardwired in test bench. Undefined values will be read from PIO inputs during simulation.
Info: Qsys.sysid_qsys: System ID is not assigned automatically. Edit the System ID parameter to provide a unique ID
Info: Qsys.sysid_qsys: Time stamp will be automatically updated when this component is generated.
Info: qsys-generate succeeded.
Info: Finished: Create block symbol file (.bsf)
Info: 
Info: Starting: Create HDL design files for synthesis
Info: qsys-generate C:\Users\vacla\Projects\Vision\DE10_CAM\Qsys.qsys --synthesis=VERILOG --output-directory=C:\Users\vacla\Projects\Vision\DE10_CAM\Qsys\synthesis --family="MAX 10" --part=10M50DAF484C7G
Progress: Loading DE10_CAM/Qsys.qsys
Progress: Reading input file
Progress: Adding EEE_IMGPROC_0 [EEE_IMGPROC 1.0]
Progress: Parameterizing module EEE_IMGPROC_0
Progress: Adding TERASIC_AUTO_FOCUS_0 [TERASIC_AUTO_FOCUS 1.0]
Progress: Parameterizing module TERASIC_AUTO_FOCUS_0
Progress: Adding TERASIC_CAMERA_0 [TERASIC_CAMERA 1.0]
Progress: Parameterizing module TERASIC_CAMERA_0
Progress: Adding alt_vip_itc_0 [alt_vip_itc 14.0]
Progress: Parameterizing module alt_vip_itc_0
Progress: Adding alt_vip_vfb_0 [alt_vip_vfb 13.1]
Progress: Parameterizing module alt_vip_vfb_0
Progress: Adding altpll_0 [altpll 18.1]
Progress: Parameterizing module altpll_0
Progress: Adding clk_50 [clock_source 18.1]
Progress: Parameterizing module clk_50
Progress: Adding i2c_0 [altera_avalon_i2c 18.1]
Progress: Parameterizing module i2c_0
Progress: Adding i2c_opencores_camera [i2c_opencores 12.0]
Progress: Parameterizing module i2c_opencores_camera
Progress: Adding i2c_opencores_mipi [i2c_opencores 12.0]
Progress: Parameterizing module i2c_opencores_mipi
Progress: Adding jtag_uart [altera_avalon_jtag_uart 18.1]
Progress: Parameterizing module jtag_uart
Progress: Adding key [altera_avalon_pio 18.1]
Progress: Parameterizing module key
Progress: Adding led [altera_avalon_pio 18.1]
Progress: Parameterizing module led
Progress: Adding mipi_pwdn_n [altera_avalon_pio 18.1]
Progress: Parameterizing module mipi_pwdn_n
Progress: Adding mipi_reset_n [altera_avalon_pio 18.1]
Progress: Parameterizing module mipi_reset_n
Progress: Adding nios2_gen2 [altera_nios2_gen2 18.1]
Progress: Parameterizing module nios2_gen2
Progress: Adding onchip_memory2_0 [altera_avalon_onchip_memory2 18.1]
Progress: Parameterizing module onchip_memory2_0
Progress: Adding sdram [altera_avalon_new_sdram_controller 18.1]
Progress: Parameterizing module sdram
Progress: Adding sw [altera_avalon_pio 18.1]
Progress: Parameterizing module sw
Progress: Adding sysid_qsys [altera_avalon_sysid_qsys 18.1]
Progress: Parameterizing module sysid_qsys
Progress: Adding timer [altera_avalon_timer 18.1]
Progress: Parameterizing module timer
Progress: Adding uart_0 [altera_avalon_uart 18.1]
Progress: Parameterizing module uart_0
Progress: Building connections
Progress: Parameterizing connections
Progress: Validating
Progress: Done reading input file
Info: Qsys.jtag_uart: JTAG UART IP input clock need to be at least double (2x) the operating frequency of JTAG TCK on board
Info: Qsys.key: PIO inputs are not hardwired in test bench. Undefined values will be read from PIO inputs during simulation.
Info: Qsys.sdram: SDRAM Controller will only be supported in Quartus Prime Standard Edition in the future release.
Info: Qsys.sw: PIO inputs are not hardwired in test bench. Undefined values will be read from PIO inputs during simulation.
Info: Qsys.sysid_qsys: System ID is not assigned automatically. Edit the System ID parameter to provide a unique ID
Info: Qsys.sysid_qsys: Time stamp will be automatically updated when this component is generated.
Info: Qsys: Generating Qsys "Qsys" for QUARTUS_SYNTH
Info: Inserting clock-crossing logic between cmd_demux.src0 and cmd_mux.sink0
Info: Inserting clock-crossing logic between cmd_demux.src1 and cmd_mux_001.sink0
Info: Inserting clock-crossing logic between cmd_demux.src4 and cmd_mux_004.sink0
Info: Inserting clock-crossing logic between cmd_demux.src5 and cmd_mux_005.sink0
Info: Inserting clock-crossing logic between cmd_demux.src6 and cmd_mux_006.sink0
Info: Inserting clock-crossing logic between cmd_demux.src7 and cmd_mux_007.sink0
Info: Inserting clock-crossing logic between cmd_demux.src8 and cmd_mux_008.sink0
Info: Inserting clock-crossing logic between cmd_demux.src9 and cmd_mux_009.sink0
Info: Inserting clock-crossing logic between cmd_demux.src10 and cmd_mux_010.sink0
Info: Inserting clock-crossing logic between cmd_demux.src11 and cmd_mux_011.sink0
Info: Inserting clock-crossing logic between cmd_demux_001.src1 and cmd_mux_005.sink1
Info: Inserting clock-crossing logic between rsp_demux.src0 and rsp_mux.sink0
Info: Inserting clock-crossing logic between rsp_demux_001.src0 and rsp_mux.sink1
Info: Inserting clock-crossing logic between rsp_demux_004.src0 and rsp_mux.sink4
Info: Inserting clock-crossing logic between rsp_demux_005.src0 and rsp_mux.sink5
Info: Inserting clock-crossing logic between rsp_demux_005.src1 and rsp_mux_001.sink1
Info: Inserting clock-crossing logic between rsp_demux_006.src0 and rsp_mux.sink6
Info: Inserting clock-crossing logic between rsp_demux_007.src0 and rsp_mux.sink7
Info: Inserting clock-crossing logic between rsp_demux_008.src0 and rsp_mux.sink8
Info: Inserting clock-crossing logic between rsp_demux_009.src0 and rsp_mux.sink9
Info: Inserting clock-crossing logic between rsp_demux_010.src0 and rsp_mux.sink10
Info: Inserting clock-crossing logic between rsp_demux_011.src0 and rsp_mux.sink11
Info: altpll_0: "Qsys" instantiated altpll "altpll_0"
Info: i2c_0: "Qsys" instantiated altera_avalon_i2c "i2c_0"
Info: jtag_uart: Starting RTL generation for module 'Qsys_jtag_uart'
Info: jtag_uart:   Generation command is [exec C:/intelfpga_lite/18.1/quartus/bin64/perl/bin/perl.exe -I C:/intelfpga_lite/18.1/quartus/bin64/perl/lib -I C:/intelfpga_lite/18.1/quartus/sopc_builder/bin/europa -I C:/intelfpga_lite/18.1/quartus/sopc_builder/bin/perl_lib -I C:/intelfpga_lite/18.1/quartus/sopc_builder/bin -I C:/intelfpga_lite/18.1/quartus/../ip/altera/sopc_builder_ip/common -I C:/intelfpga_lite/18.1/quartus/../ip/altera/sopc_builder_ip/altera_avalon_jtag_uart -- C:/intelfpga_lite/18.1/quartus/../ip/altera/sopc_builder_ip/altera_avalon_jtag_uart/generate_rtl.pl --name=Qsys_jtag_uart --dir=C:/Users/vacla/AppData/Local/Temp/alt9144_6991004151902571720.dir/0007_jtag_uart_gen/ --quartus_dir=C:/intelfpga_lite/18.1/quartus --verilog --config=C:/Users/vacla/AppData/Local/Temp/alt9144_6991004151902571720.dir/0007_jtag_uart_gen//Qsys_jtag_uart_component_configuration.pl  --do_build_sim=0  ]
Info: jtag_uart: Done RTL generation for module 'Qsys_jtag_uart'
Info: jtag_uart: "Qsys" instantiated altera_avalon_jtag_uart "jtag_uart"
Info: key: Starting RTL generation for module 'Qsys_key'
Info: key:   Generation command is [exec C:/intelfpga_lite/18.1/quartus/bin64/perl/bin/perl.exe -I C:/intelfpga_lite/18.1/quartus/bin64/perl/lib -I C:/intelfpga_lite/18.1/quartus/sopc_builder/bin/europa -I C:/intelfpga_lite/18.1/quartus/sopc_builder/bin/perl_lib -I C:/intelfpga_lite/18.1/quartus/sopc_builder/bin -I C:/intelfpga_lite/18.1/quartus/../ip/altera/sopc_builder_ip/common -I C:/intelfpga_lite/18.1/quartus/../ip/altera/sopc_builder_ip/altera_avalon_pio -- C:/intelfpga_lite/18.1/quartus/../ip/altera/sopc_builder_ip/altera_avalon_pio/generate_rtl.pl --name=Qsys_key --dir=C:/Users/vacla/AppData/Local/Temp/alt9144_6991004151902571720.dir/0008_key_gen/ --quartus_dir=C:/intelfpga_lite/18.1/quartus --verilog --config=C:/Users/vacla/AppData/Local/Temp/alt9144_6991004151902571720.dir/0008_key_gen//Qsys_key_component_configuration.pl  --do_build_sim=0  ]
Info: key: Done RTL generation for module 'Qsys_key'
Info: key: "Qsys" instantiated altera_avalon_pio "key"
Info: led: Starting RTL generation for module 'Qsys_led'
Info: led:   Generation command is [exec C:/intelfpga_lite/18.1/quartus/bin64/perl/bin/perl.exe -I C:/intelfpga_lite/18.1/quartus/bin64/perl/lib -I C:/intelfpga_lite/18.1/quartus/sopc_builder/bin/europa -I C:/intelfpga_lite/18.1/quartus/sopc_builder/bin/perl_lib -I C:/intelfpga_lite/18.1/quartus/sopc_builder/bin -I C:/intelfpga_lite/18.1/quartus/../ip/altera/sopc_builder_ip/common -I C:/intelfpga_lite/18.1/quartus/../ip/altera/sopc_builder_ip/altera_avalon_pio -- C:/intelfpga_lite/18.1/quartus/../ip/altera/sopc_builder_ip/altera_avalon_pio/generate_rtl.pl --name=Qsys_led --dir=C:/Users/vacla/AppData/Local/Temp/alt9144_6991004151902571720.dir/0009_led_gen/ --quartus_dir=C:/intelfpga_lite/18.1/quartus --verilog --config=C:/Users/vacla/AppData/Local/Temp/alt9144_6991004151902571720.dir/0009_led_gen//Qsys_led_component_configuration.pl  --do_build_sim=0  ]
Info: led: Done RTL generation for module 'Qsys_led'
Info: led: "Qsys" instantiated altera_avalon_pio "led"
Info: mipi_reset_n: Starting RTL generation for module 'Qsys_mipi_reset_n'
Info: mipi_reset_n:   Generation command is [exec C:/intelfpga_lite/18.1/quartus/bin64/perl/bin/perl.exe -I C:/intelfpga_lite/18.1/quartus/bin64/perl/lib -I C:/intelfpga_lite/18.1/quartus/sopc_builder/bin/europa -I C:/intelfpga_lite/18.1/quartus/sopc_builder/bin/perl_lib -I C:/intelfpga_lite/18.1/quartus/sopc_builder/bin -I C:/intelfpga_lite/18.1/quartus/../ip/altera/sopc_builder_ip/common -I C:/intelfpga_lite/18.1/quartus/../ip/altera/sopc_builder_ip/altera_avalon_pio -- C:/intelfpga_lite/18.1/quartus/../ip/altera/sopc_builder_ip/altera_avalon_pio/generate_rtl.pl --name=Qsys_mipi_reset_n --dir=C:/Users/vacla/AppData/Local/Temp/alt9144_6991004151902571720.dir/0010_mipi_reset_n_gen/ --quartus_dir=C:/intelfpga_lite/18.1/quartus --verilog --config=C:/Users/vacla/AppData/Local/Temp/alt9144_6991004151902571720.dir/0010_mipi_reset_n_gen//Qsys_mipi_reset_n_component_configuration.pl  --do_build_sim=0  ]
Info: mipi_reset_n: Done RTL generation for module 'Qsys_mipi_reset_n'
Info: mipi_reset_n: "Qsys" instantiated altera_avalon_pio "mipi_reset_n"
Info: nios2_gen2: "Qsys" instantiated altera_nios2_gen2 "nios2_gen2"
Info: onchip_memory2_0: Starting RTL generation for module 'Qsys_onchip_memory2_0'
Info: onchip_memory2_0:   Generation command is [exec C:/intelfpga_lite/18.1/quartus/bin64/perl/bin/perl.exe -I C:/intelfpga_lite/18.1/quartus/bin64/perl/lib -I C:/intelfpga_lite/18.1/quartus/sopc_builder/bin/europa -I C:/intelfpga_lite/18.1/quartus/sopc_builder/bin/perl_lib -I C:/intelfpga_lite/18.1/quartus/sopc_builder/bin -I C:/intelfpga_lite/18.1/quartus/../ip/altera/sopc_builder_ip/common -I C:/intelfpga_lite/18.1/quartus/../ip/altera/sopc_builder_ip/altera_avalon_onchip_memory2 -- C:/intelfpga_lite/18.1/quartus/../ip/altera/sopc_builder_ip/altera_avalon_onchip_memory2/generate_rtl.pl --name=Qsys_onchip_memory2_0 --dir=C:/Users/vacla/AppData/Local/Temp/alt9144_6991004151902571720.dir/0011_onchip_memory2_0_gen/ --quartus_dir=C:/intelfpga_lite/18.1/quartus --verilog --config=C:/Users/vacla/AppData/Local/Temp/alt9144_6991004151902571720.dir/0011_onchip_memory2_0_gen//Qsys_onchip_memory2_0_component_configuration.pl  --do_build_sim=0  ]
Info: onchip_memory2_0: Done RTL generation for module 'Qsys_onchip_memory2_0'
Info: onchip_memory2_0: "Qsys" instantiated altera_avalon_onchip_memory2 "onchip_memory2_0"
Info: sdram: Starting RTL generation for module 'Qsys_sdram'
Info: sdram:   Generation command is [exec C:/intelfpga_lite/18.1/quartus/bin64/perl/bin/perl.exe -I C:/intelfpga_lite/18.1/quartus/bin64/perl/lib -I C:/intelfpga_lite/18.1/quartus/sopc_builder/bin/europa -I C:/intelfpga_lite/18.1/quartus/sopc_builder/bin/perl_lib -I C:/intelfpga_lite/18.1/quartus/sopc_builder/bin -I C:/intelfpga_lite/18.1/quartus/../ip/altera/sopc_builder_ip/common -I C:/intelfpga_lite/18.1/quartus/../ip/altera/sopc_builder_ip/altera_avalon_new_sdram_controller -- C:/intelfpga_lite/18.1/quartus/../ip/altera/sopc_builder_ip/altera_avalon_new_sdram_controller/generate_rtl.pl --name=Qsys_sdram --dir=C:/Users/vacla/AppData/Local/Temp/alt9144_6991004151902571720.dir/0012_sdram_gen/ --quartus_dir=C:/intelfpga_lite/18.1/quartus --verilog --config=C:/Users/vacla/AppData/Local/Temp/alt9144_6991004151902571720.dir/0012_sdram_gen//Qsys_sdram_component_configuration.pl  --do_build_sim=0  ]
Info: sdram: Done RTL generation for module 'Qsys_sdram'
Info: sdram: "Qsys" instantiated altera_avalon_new_sdram_controller "sdram"
Info: sw: Starting RTL generation for module 'Qsys_sw'
Info: sw:   Generation command is [exec C:/intelfpga_lite/18.1/quartus/bin64/perl/bin/perl.exe -I C:/intelfpga_lite/18.1/quartus/bin64/perl/lib -I C:/intelfpga_lite/18.1/quartus/sopc_builder/bin/europa -I C:/intelfpga_lite/18.1/quartus/sopc_builder/bin/perl_lib -I C:/intelfpga_lite/18.1/quartus/sopc_builder/bin -I C:/intelfpga_lite/18.1/quartus/../ip/altera/sopc_builder_ip/common -I C:/intelfpga_lite/18.1/quartus/../ip/altera/sopc_builder_ip/altera_avalon_pio -- C:/intelfpga_lite/18.1/quartus/../ip/altera/sopc_builder_ip/altera_avalon_pio/generate_rtl.pl --name=Qsys_sw --dir=C:/Users/vacla/AppData/Local/Temp/alt9144_6991004151902571720.dir/0013_sw_gen/ --quartus_dir=C:/intelfpga_lite/18.1/quartus --verilog --config=C:/Users/vacla/AppData/Local/Temp/alt9144_6991004151902571720.dir/0013_sw_gen//Qsys_sw_component_configuration.pl  --do_build_sim=0  ]
Info: sw: Done RTL generation for module 'Qsys_sw'
Info: sw: "Qsys" instantiated altera_avalon_pio "sw"
Info: sysid_qsys: "Qsys" instantiated altera_avalon_sysid_qsys "sysid_qsys"
Info: timer: Starting RTL generation for module 'Qsys_timer'
Info: timer:   Generation command is [exec C:/intelFPGA_lite/18.1/quartus/bin64//perl/bin/perl.exe -I C:/intelFPGA_lite/18.1/quartus/bin64//perl/lib -I C:/intelfpga_lite/18.1/quartus/sopc_builder/bin/europa -I C:/intelfpga_lite/18.1/quartus/sopc_builder/bin/perl_lib -I C:/intelfpga_lite/18.1/quartus/sopc_builder/bin -I C:/intelfpga_lite/18.1/quartus/../ip/altera/sopc_builder_ip/common -I C:/intelfpga_lite/18.1/quartus/../ip/altera/sopc_builder_ip/altera_avalon_timer -- C:/intelfpga_lite/18.1/quartus/../ip/altera/sopc_builder_ip/altera_avalon_timer/generate_rtl.pl --name=Qsys_timer --dir=C:/Users/vacla/AppData/Local/Temp/alt9144_6991004151902571720.dir/0015_timer_gen/ --quartus_dir=C:/intelfpga_lite/18.1/quartus --verilog --config=C:/Users/vacla/AppData/Local/Temp/alt9144_6991004151902571720.dir/0015_timer_gen//Qsys_timer_component_configuration.pl  --do_build_sim=0  ]
Info: timer: Done RTL generation for module 'Qsys_timer'
Info: timer: "Qsys" instantiated altera_avalon_timer "timer"
Info: uart_0: Starting RTL generation for module 'Qsys_uart_0'
Info: uart_0:   Generation command is [exec C:/intelfpga_lite/18.1/quartus/bin64/perl/bin/perl.exe -I C:/intelfpga_lite/18.1/quartus/bin64/perl/lib -I C:/intelfpga_lite/18.1/quartus/sopc_builder/bin/europa -I C:/intelfpga_lite/18.1/quartus/sopc_builder/bin/perl_lib -I C:/intelfpga_lite/18.1/quartus/sopc_builder/bin -I C:/intelfpga_lite/18.1/quartus/../ip/altera/sopc_builder_ip/common -I C:/intelfpga_lite/18.1/quartus/../ip/altera/sopc_builder_ip/altera_avalon_uart -- C:/intelfpga_lite/18.1/quartus/../ip/altera/sopc_builder_ip/altera_avalon_uart/generate_rtl.pl --name=Qsys_uart_0 --dir=C:/Users/vacla/AppData/Local/Temp/alt9144_6991004151902571720.dir/0016_uart_0_gen/ --quartus_dir=C:/intelfpga_lite/18.1/quartus --verilog --config=C:/Users/vacla/AppData/Local/Temp/alt9144_6991004151902571720.dir/0016_uart_0_gen//Qsys_uart_0_component_configuration.pl  --do_build_sim=0  ]
Info: uart_0: Done RTL generation for module 'Qsys_uart_0'
Info: uart_0: "Qsys" instantiated altera_avalon_uart "uart_0"
Info: avalon_st_adapter: Inserting error_adapter: error_adapter_0
Info: avalon_st_adapter_001: Inserting error_adapter: error_adapter_0
Info: avalon_st_adapter_002: Inserting error_adapter: error_adapter_0
Info: avalon_st_adapter_003: Inserting error_adapter: error_adapter_0
Info: avalon_st_adapter_004: Inserting error_adapter: error_adapter_0
Info: avalon_st_adapter_005: Inserting error_adapter: error_adapter_0
Info: avalon_st_adapter_006: Inserting error_adapter: error_adapter_0
Info: avalon_st_adapter_007: Inserting error_adapter: error_adapter_0
Info: avalon_st_adapter_008: Inserting error_adapter: error_adapter_0
Info: avalon_st_adapter_009: Inserting error_adapter: error_adapter_0
Info: avalon_st_adapter_010: Inserting error_adapter: error_adapter_0
Info: avalon_st_adapter_011: Inserting error_adapter: error_adapter_0
Info: avalon_st_adapter_012: Inserting error_adapter: error_adapter_0
Info: mm_interconnect_0: "Qsys" instantiated altera_mm_interconnect "mm_interconnect_0"
Info: irq_mapper: "Qsys" instantiated altera_irq_mapper "irq_mapper"
Info: irq_synchronizer: "Qsys" instantiated altera_irq_clock_crosser "irq_synchronizer"
Info: rst_controller: "Qsys" instantiated altera_reset_controller "rst_controller"
Info: cpu: Starting RTL generation for module 'Qsys_nios2_gen2_cpu'
Info: cpu:   Generation command is [exec C:/intelFPGA_lite/18.1/quartus/bin64//eperlcmd.exe -I C:/intelFPGA_lite/18.1/quartus/bin64//perl/lib -I C:/intelfpga_lite/18.1/quartus/sopc_builder/bin/europa -I C:/intelfpga_lite/18.1/quartus/sopc_builder/bin/perl_lib -I C:/intelfpga_lite/18.1/quartus/sopc_builder/bin -I C:/intelfpga_lite/18.1/quartus/../ip/altera/nios2_ip/altera_nios2_gen2/cpu_lib -I C:/intelfpga_lite/18.1/quartus/../ip/altera/nios2_ip/altera_nios2_gen2/nios_lib -I C:/intelfpga_lite/18.1/quartus/../ip/altera/nios2_ip/altera_nios2_gen2 -I C:/intelfpga_lite/18.1/quartus/../ip/altera/nios2_ip/altera_nios2_gen2 -- C:/intelfpga_lite/18.1/quartus/../ip/altera/nios2_ip/altera_nios2_gen2/generate_rtl.epl --name=Qsys_nios2_gen2_cpu --dir=C:/Users/vacla/AppData/Local/Temp/alt9144_6991004151902571720.dir/0020_cpu_gen/ --quartus_bindir=C:/intelFPGA_lite/18.1/quartus/bin64/ --verilog --config=C:/Users/vacla/AppData/Local/Temp/alt9144_6991004151902571720.dir/0020_cpu_gen//Qsys_nios2_gen2_cpu_processor_configuration.pl  --do_build_sim=0  ]
Info: cpu: # 2022.06.01 15:44:14 (*) Starting Nios II generation
Info: cpu: # 2022.06.01 15:44:14 (*)   Checking for plaintext license.
Info: cpu: # 2022.06.01 15:44:14 (*)   Couldn't query license setup in Quartus directory C:/intelFPGA_lite/18.1/quartus/bin64/
Info: cpu: # 2022.06.01 15:44:14 (*)   Defaulting to contents of LM_LICENSE_FILE environment variable
Info: cpu: # 2022.06.01 15:44:14 (*)   LM_LICENSE_FILE environment variable is empty
Info: cpu: # 2022.06.01 15:44:14 (*)   Plaintext license not found.
Info: cpu: # 2022.06.01 15:44:14 (*)   Checking for encrypted license (non-evaluation).
Info: cpu: # 2022.06.01 15:44:15 (*)   Couldn't query license setup in Quartus directory C:/intelFPGA_lite/18.1/quartus/bin64/
Info: cpu: # 2022.06.01 15:44:15 (*)   Defaulting to contents of LM_LICENSE_FILE environment variable
Info: cpu: # 2022.06.01 15:44:15 (*)   LM_LICENSE_FILE environment variable is empty
Info: cpu: # 2022.06.01 15:44:15 (*)   Encrypted license not found.  Defaulting to OCP evaluation license (produces a time-limited SOF)
Info: cpu: # 2022.06.01 15:44:15 (*)   Elaborating CPU configuration settings
Info: cpu: # 2022.06.01 15:44:15 (*)   Creating all objects for CPU
Info: cpu: # 2022.06.01 15:44:15 (*)     Testbench
Info: cpu: # 2022.06.01 15:44:15 (*)     Instruction decoding
Info: cpu: # 2022.06.01 15:44:15 (*)       Instruction fields
Info: cpu: # 2022.06.01 15:44:15 (*)       Instruction decodes
Info: cpu: # 2022.06.01 15:44:16 (*)       Signals for RTL simulation waveforms
Info: cpu: # 2022.06.01 15:44:16 (*)       Instruction controls
Info: cpu: # 2022.06.01 15:44:16 (*)     Pipeline frontend
Info: cpu: # 2022.06.01 15:44:16 (*)     Pipeline backend
Info: cpu: # 2022.06.01 15:44:19 (*)   Generating RTL from CPU objects
Info: cpu: # 2022.06.01 15:44:20 (*)   Creating encrypted RTL
Info: cpu: # 2022.06.01 15:44:21 (*) Done Nios II generation
Info: cpu: Done RTL generation for module 'Qsys_nios2_gen2_cpu'
Info: cpu: "nios2_gen2" instantiated altera_nios2_gen2_unit "cpu"
Info: nios2_gen2_data_master_translator: "mm_interconnect_0" instantiated altera_merlin_master_translator "nios2_gen2_data_master_translator"
Info: jtag_uart_avalon_jtag_slave_translator: "mm_interconnect_0" instantiated altera_merlin_slave_translator "jtag_uart_avalon_jtag_slave_translator"
Info: nios2_gen2_data_master_agent: "mm_interconnect_0" instantiated altera_merlin_master_agent "nios2_gen2_data_master_agent"
Info: jtag_uart_avalon_jtag_slave_agent: "mm_interconnect_0" instantiated altera_merlin_slave_agent "jtag_uart_avalon_jtag_slave_agent"
Info: jtag_uart_avalon_jtag_slave_agent_rsp_fifo: "mm_interconnect_0" instantiated altera_avalon_sc_fifo "jtag_uart_avalon_jtag_slave_agent_rsp_fifo"
Info: router: "mm_interconnect_0" instantiated altera_merlin_router "router"
Info: router_001: "mm_interconnect_0" instantiated altera_merlin_router "router_001"
Info: router_002: "mm_interconnect_0" instantiated altera_merlin_router "router_002"
Info: router_005: "mm_interconnect_0" instantiated altera_merlin_router "router_005"
Info: router_014: "mm_interconnect_0" instantiated altera_merlin_router "router_014"
Info: nios2_gen2_data_master_limiter: "mm_interconnect_0" instantiated altera_merlin_traffic_limiter "nios2_gen2_data_master_limiter"
Info: Reusing file C:/Users/vacla/Projects/Vision/DE10_CAM/Qsys/synthesis/submodules/altera_avalon_sc_fifo.v
Info: sdram_s1_burst_adapter: "mm_interconnect_0" instantiated altera_merlin_burst_adapter "sdram_s1_burst_adapter"
Info: Reusing file C:/Users/vacla/Projects/Vision/DE10_CAM/Qsys/synthesis/submodules/altera_avalon_st_pipeline_base.v
Info: cmd_demux: "mm_interconnect_0" instantiated altera_merlin_demultiplexer "cmd_demux"
Info: cmd_demux_001: "mm_interconnect_0" instantiated altera_merlin_demultiplexer "cmd_demux_001"
Info: cmd_mux: "mm_interconnect_0" instantiated altera_merlin_multiplexer "cmd_mux"
Info: cmd_mux_003: "mm_interconnect_0" instantiated altera_merlin_multiplexer "cmd_mux_003"
Info: Reusing file C:/Users/vacla/Projects/Vision/DE10_CAM/Qsys/synthesis/submodules/altera_merlin_arbitrator.sv
Info: rsp_demux: "mm_interconnect_0" instantiated altera_merlin_demultiplexer "rsp_demux"
Info: rsp_demux_002: "mm_interconnect_0" instantiated altera_merlin_demultiplexer "rsp_demux_002"
Info: rsp_demux_003: "mm_interconnect_0" instantiated altera_merlin_demultiplexer "rsp_demux_003"
Info: rsp_demux_005: "mm_interconnect_0" instantiated altera_merlin_demultiplexer "rsp_demux_005"
Info: rsp_mux: "mm_interconnect_0" instantiated altera_merlin_multiplexer "rsp_mux"
Info: Reusing file C:/Users/vacla/Projects/Vision/DE10_CAM/Qsys/synthesis/submodules/altera_merlin_arbitrator.sv
Info: rsp_mux_001: "mm_interconnect_0" instantiated altera_merlin_multiplexer "rsp_mux_001"
Info: Reusing file C:/Users/vacla/Projects/Vision/DE10_CAM/Qsys/synthesis/submodules/altera_merlin_arbitrator.sv
Info: sdram_s1_rsp_width_adapter: "mm_interconnect_0" instantiated altera_merlin_width_adapter "sdram_s1_rsp_width_adapter"
Info: Reusing file C:/Users/vacla/Projects/Vision/DE10_CAM/Qsys/synthesis/submodules/altera_merlin_address_alignment.sv
Info: Reusing file C:/Users/vacla/Projects/Vision/DE10_CAM/Qsys/synthesis/submodules/altera_merlin_burst_uncompressor.sv
Info: crosser: "mm_interconnect_0" instantiated altera_avalon_st_handshake_clock_crosser "crosser"
Info: Reusing file C:/Users/vacla/Projects/Vision/DE10_CAM/Qsys/synthesis/submodules/altera_avalon_st_pipeline_base.v
Info: avalon_st_adapter: "mm_interconnect_0" instantiated altera_avalon_st_adapter "avalon_st_adapter"
Info: avalon_st_adapter_012: "mm_interconnect_0" instantiated altera_avalon_st_adapter "avalon_st_adapter_012"
Info: error_adapter_0: "avalon_st_adapter" instantiated error_adapter "error_adapter_0"
Info: error_adapter_0: "avalon_st_adapter_012" instantiated error_adapter "error_adapter_0"
Info: Qsys: Done "Qsys" with 47 modules, 88 files
Info: qsys-generate succeeded.
Info: Finished: Create HDL design files for synthesis
